[0.375s] DEBUG:colcon:Command line arguments: ['/home/eng/.local/bin/colcon', 'build']
[0.376s] DEBUG:colcon:Parsed command line arguments: Namespace(allow_overriding=[], ament_cmake_args=None, base_paths=['.'], build_base='build', catkin_cmake_args=None, catkin_skip_building_tests=False, cmake_args=None, cmake_clean_cache=False, cmake_clean_first=False, cmake_force_configure=False, cmake_target=None, cmake_target_skip_unavailable=False, continue_on_error=False, event_handlers=None, executor='parallel', ignore_user_meta=False, install_base='install', log_base=None, log_level=None, main=<bound method BuildVerb.main of <colcon_core.verb.build.BuildVerb object at 0x7fa4ffced040>>, merge_install=False, metas=['./colcon.meta'], mixin=None, mixin_files=None, mixin_verb=('build',), packages_above=None, packages_above_and_dependencies=None, packages_above_depth=None, packages_end=None, packages_ignore=None, packages_ignore_regex=None, packages_select=None, packages_select_build_failed=False, packages_select_by_dep=None, packages_select_regex=None, packages_select_test_failures=False, packages_skip=None, packages_skip_build_finished=False, packages_skip_by_dep=None, packages_skip_regex=None, packages_skip_test_passed=False, packages_skip_up_to=None, packages_start=None, packages_up_to=None, packages_up_to_regex=None, parallel_workers=12, paths=None, symlink_install=False, test_result_base=None, verb_extension=<colcon_core.verb.build.BuildVerb object at 0x7fa4ffced040>, verb_name='build', verb_parser=<colcon_mixin.mixin.mixin_argument.MixinArgumentDecorator object at 0x7fa4ffc39d90>)
[0.437s] Level 1:colcon.colcon_core.package_discovery:discover_packages(colcon_meta) check parameters
[0.437s] Level 1:colcon.colcon_core.package_discovery:discover_packages(recursive) check parameters
[0.437s] Level 1:colcon.colcon_core.package_discovery:discover_packages(ignore) check parameters
[0.437s] Level 1:colcon.colcon_core.package_discovery:discover_packages(path) check parameters
[0.437s] Level 1:colcon.colcon_core.package_discovery:discover_packages(colcon_meta) discover
[0.437s] Level 1:colcon.colcon_core.package_discovery:discover_packages(recursive) discover
[0.437s] INFO:colcon.colcon_core.package_discovery:Crawling recursively for packages in '/home/eng/Music/imitation_learning_ros'
[0.438s] Level 1:colcon.colcon_core.package_identification:_identify(.) by extensions ['ignore', 'ignore_ament_install']
[0.438s] Level 1:colcon.colcon_core.package_identification:_identify(.) by extension 'ignore'
[0.438s] Level 1:colcon.colcon_core.package_identification:_identify(.) by extension 'ignore_ament_install'
[0.438s] Level 1:colcon.colcon_core.package_identification:_identify(.) by extensions ['colcon_pkg']
[0.438s] Level 1:colcon.colcon_core.package_identification:_identify(.) by extension 'colcon_pkg'
[0.438s] Level 1:colcon.colcon_core.package_identification:_identify(.) by extensions ['colcon_meta']
[0.438s] Level 1:colcon.colcon_core.package_identification:_identify(.) by extension 'colcon_meta'
[0.438s] Level 1:colcon.colcon_core.package_identification:_identify(.) by extensions ['ros']
[0.438s] Level 1:colcon.colcon_core.package_identification:_identify(.) by extension 'ros'
[0.452s] Level 1:colcon.colcon_core.package_identification:_identify(.) by extensions ['cmake', 'python']
[0.452s] Level 1:colcon.colcon_core.package_identification:_identify(.) by extension 'cmake'
[0.452s] Level 1:colcon.colcon_core.package_identification:_identify(.) by extension 'python'
[0.452s] Level 1:colcon.colcon_core.package_identification:_identify(.) by extensions ['python_setup_py']
[0.452s] Level 1:colcon.colcon_core.package_identification:_identify(.) by extension 'python_setup_py'
[0.453s] Level 1:colcon.colcon_core.package_identification:_identify(build) by extensions ['ignore', 'ignore_ament_install']
[0.453s] Level 1:colcon.colcon_core.package_identification:_identify(build) by extension 'ignore'
[0.453s] Level 1:colcon.colcon_core.package_identification:_identify(build) ignored
[0.453s] Level 1:colcon.colcon_core.package_identification:_identify(install) by extensions ['ignore', 'ignore_ament_install']
[0.453s] Level 1:colcon.colcon_core.package_identification:_identify(install) by extension 'ignore'
[0.453s] Level 1:colcon.colcon_core.package_identification:_identify(install) ignored
[0.454s] Level 1:colcon.colcon_core.package_identification:_identify(log) by extensions ['ignore', 'ignore_ament_install']
[0.454s] Level 1:colcon.colcon_core.package_identification:_identify(log) by extension 'ignore'
[0.454s] Level 1:colcon.colcon_core.package_identification:_identify(log) ignored
[0.454s] Level 1:colcon.colcon_core.package_identification:_identify(models) by extensions ['ignore', 'ignore_ament_install']
[0.454s] Level 1:colcon.colcon_core.package_identification:_identify(models) by extension 'ignore'
[0.454s] Level 1:colcon.colcon_core.package_identification:_identify(models) by extension 'ignore_ament_install'
[0.454s] Level 1:colcon.colcon_core.package_identification:_identify(models) by extensions ['colcon_pkg']
[0.454s] Level 1:colcon.colcon_core.package_identification:_identify(models) by extension 'colcon_pkg'
[0.454s] Level 1:colcon.colcon_core.package_identification:_identify(models) by extensions ['colcon_meta']
[0.454s] Level 1:colcon.colcon_core.package_identification:_identify(models) by extension 'colcon_meta'
[0.454s] Level 1:colcon.colcon_core.package_identification:_identify(models) by extensions ['ros']
[0.454s] Level 1:colcon.colcon_core.package_identification:_identify(models) by extension 'ros'
[0.455s] Level 1:colcon.colcon_core.package_identification:_identify(models) by extensions ['cmake', 'python']
[0.455s] Level 1:colcon.colcon_core.package_identification:_identify(models) by extension 'cmake'
[0.455s] Level 1:colcon.colcon_core.package_identification:_identify(models) by extension 'python'
[0.455s] Level 1:colcon.colcon_core.package_identification:_identify(models) by extensions ['python_setup_py']
[0.455s] Level 1:colcon.colcon_core.package_identification:_identify(models) by extension 'python_setup_py'
[0.455s] Level 1:colcon.colcon_core.package_identification:_identify(models/imitation_learning_block) by extensions ['ignore', 'ignore_ament_install']
[0.455s] Level 1:colcon.colcon_core.package_identification:_identify(models/imitation_learning_block) by extension 'ignore'
[0.455s] Level 1:colcon.colcon_core.package_identification:_identify(models/imitation_learning_block) by extension 'ignore_ament_install'
[0.456s] Level 1:colcon.colcon_core.package_identification:_identify(models/imitation_learning_block) by extensions ['colcon_pkg']
[0.456s] Level 1:colcon.colcon_core.package_identification:_identify(models/imitation_learning_block) by extension 'colcon_pkg'
[0.456s] Level 1:colcon.colcon_core.package_identification:_identify(models/imitation_learning_block) by extensions ['colcon_meta']
[0.456s] Level 1:colcon.colcon_core.package_identification:_identify(models/imitation_learning_block) by extension 'colcon_meta'
[0.456s] Level 1:colcon.colcon_core.package_identification:_identify(models/imitation_learning_block) by extensions ['ros']
[0.456s] Level 1:colcon.colcon_core.package_identification:_identify(models/imitation_learning_block) by extension 'ros'
[0.456s] Level 1:colcon.colcon_core.package_identification:_identify(models/imitation_learning_block) by extensions ['cmake', 'python']
[0.456s] Level 1:colcon.colcon_core.package_identification:_identify(models/imitation_learning_block) by extension 'cmake'
[0.456s] Level 1:colcon.colcon_core.package_identification:_identify(models/imitation_learning_block) by extension 'python'
[0.456s] Level 1:colcon.colcon_core.package_identification:_identify(models/imitation_learning_block) by extensions ['python_setup_py']
[0.456s] Level 1:colcon.colcon_core.package_identification:_identify(models/imitation_learning_block) by extension 'python_setup_py'
[0.456s] Level 1:colcon.colcon_core.package_identification:_identify(models/imitation_learning_block/materials) by extensions ['ignore', 'ignore_ament_install']
[0.457s] Level 1:colcon.colcon_core.package_identification:_identify(models/imitation_learning_block/materials) by extension 'ignore'
[0.457s] Level 1:colcon.colcon_core.package_identification:_identify(models/imitation_learning_block/materials) by extension 'ignore_ament_install'
[0.457s] Level 1:colcon.colcon_core.package_identification:_identify(models/imitation_learning_block/materials) by extensions ['colcon_pkg']
[0.457s] Level 1:colcon.colcon_core.package_identification:_identify(models/imitation_learning_block/materials) by extension 'colcon_pkg'
[0.457s] Level 1:colcon.colcon_core.package_identification:_identify(models/imitation_learning_block/materials) by extensions ['colcon_meta']
[0.457s] Level 1:colcon.colcon_core.package_identification:_identify(models/imitation_learning_block/materials) by extension 'colcon_meta'
[0.457s] Level 1:colcon.colcon_core.package_identification:_identify(models/imitation_learning_block/materials) by extensions ['ros']
[0.457s] Level 1:colcon.colcon_core.package_identification:_identify(models/imitation_learning_block/materials) by extension 'ros'
[0.457s] Level 1:colcon.colcon_core.package_identification:_identify(models/imitation_learning_block/materials) by extensions ['cmake', 'python']
[0.457s] Level 1:colcon.colcon_core.package_identification:_identify(models/imitation_learning_block/materials) by extension 'cmake'
[0.457s] Level 1:colcon.colcon_core.package_identification:_identify(models/imitation_learning_block/materials) by extension 'python'
[0.457s] Level 1:colcon.colcon_core.package_identification:_identify(models/imitation_learning_block/materials) by extensions ['python_setup_py']
[0.457s] Level 1:colcon.colcon_core.package_identification:_identify(models/imitation_learning_block/materials) by extension 'python_setup_py'
[0.458s] Level 1:colcon.colcon_core.package_identification:_identify(models/imitation_learning_block/meshes) by extensions ['ignore', 'ignore_ament_install']
[0.458s] Level 1:colcon.colcon_core.package_identification:_identify(models/imitation_learning_block/meshes) by extension 'ignore'
[0.458s] Level 1:colcon.colcon_core.package_identification:_identify(models/imitation_learning_block/meshes) by extension 'ignore_ament_install'
[0.458s] Level 1:colcon.colcon_core.package_identification:_identify(models/imitation_learning_block/meshes) by extensions ['colcon_pkg']
[0.458s] Level 1:colcon.colcon_core.package_identification:_identify(models/imitation_learning_block/meshes) by extension 'colcon_pkg'
[0.458s] Level 1:colcon.colcon_core.package_identification:_identify(models/imitation_learning_block/meshes) by extensions ['colcon_meta']
[0.458s] Level 1:colcon.colcon_core.package_identification:_identify(models/imitation_learning_block/meshes) by extension 'colcon_meta'
[0.458s] Level 1:colcon.colcon_core.package_identification:_identify(models/imitation_learning_block/meshes) by extensions ['ros']
[0.458s] Level 1:colcon.colcon_core.package_identification:_identify(models/imitation_learning_block/meshes) by extension 'ros'
[0.458s] Level 1:colcon.colcon_core.package_identification:_identify(models/imitation_learning_block/meshes) by extensions ['cmake', 'python']
[0.458s] Level 1:colcon.colcon_core.package_identification:_identify(models/imitation_learning_block/meshes) by extension 'cmake'
[0.458s] Level 1:colcon.colcon_core.package_identification:_identify(models/imitation_learning_block/meshes) by extension 'python'
[0.459s] Level 1:colcon.colcon_core.package_identification:_identify(models/imitation_learning_block/meshes) by extensions ['python_setup_py']
[0.459s] Level 1:colcon.colcon_core.package_identification:_identify(models/imitation_learning_block/meshes) by extension 'python_setup_py'
[0.459s] Level 1:colcon.colcon_core.package_identification:_identify(models/imitation_learning_stage) by extensions ['ignore', 'ignore_ament_install']
[0.459s] Level 1:colcon.colcon_core.package_identification:_identify(models/imitation_learning_stage) by extension 'ignore'
[0.459s] Level 1:colcon.colcon_core.package_identification:_identify(models/imitation_learning_stage) by extension 'ignore_ament_install'
[0.459s] Level 1:colcon.colcon_core.package_identification:_identify(models/imitation_learning_stage) by extensions ['colcon_pkg']
[0.459s] Level 1:colcon.colcon_core.package_identification:_identify(models/imitation_learning_stage) by extension 'colcon_pkg'
[0.459s] Level 1:colcon.colcon_core.package_identification:_identify(models/imitation_learning_stage) by extensions ['colcon_meta']
[0.459s] Level 1:colcon.colcon_core.package_identification:_identify(models/imitation_learning_stage) by extension 'colcon_meta'
[0.459s] Level 1:colcon.colcon_core.package_identification:_identify(models/imitation_learning_stage) by extensions ['ros']
[0.459s] Level 1:colcon.colcon_core.package_identification:_identify(models/imitation_learning_stage) by extension 'ros'
[0.460s] Level 1:colcon.colcon_core.package_identification:_identify(models/imitation_learning_stage) by extensions ['cmake', 'python']
[0.460s] Level 1:colcon.colcon_core.package_identification:_identify(models/imitation_learning_stage) by extension 'cmake'
[0.460s] Level 1:colcon.colcon_core.package_identification:_identify(models/imitation_learning_stage) by extension 'python'
[0.460s] Level 1:colcon.colcon_core.package_identification:_identify(models/imitation_learning_stage) by extensions ['python_setup_py']
[0.460s] Level 1:colcon.colcon_core.package_identification:_identify(models/imitation_learning_stage) by extension 'python_setup_py'
[0.460s] Level 1:colcon.colcon_core.package_identification:_identify(models/imitation_learning_stage/materials) by extensions ['ignore', 'ignore_ament_install']
[0.460s] Level 1:colcon.colcon_core.package_identification:_identify(models/imitation_learning_stage/materials) by extension 'ignore'
[0.460s] Level 1:colcon.colcon_core.package_identification:_identify(models/imitation_learning_stage/materials) by extension 'ignore_ament_install'
[0.460s] Level 1:colcon.colcon_core.package_identification:_identify(models/imitation_learning_stage/materials) by extensions ['colcon_pkg']
[0.460s] Level 1:colcon.colcon_core.package_identification:_identify(models/imitation_learning_stage/materials) by extension 'colcon_pkg'
[0.460s] Level 1:colcon.colcon_core.package_identification:_identify(models/imitation_learning_stage/materials) by extensions ['colcon_meta']
[0.460s] Level 1:colcon.colcon_core.package_identification:_identify(models/imitation_learning_stage/materials) by extension 'colcon_meta'
[0.460s] Level 1:colcon.colcon_core.package_identification:_identify(models/imitation_learning_stage/materials) by extensions ['ros']
[0.460s] Level 1:colcon.colcon_core.package_identification:_identify(models/imitation_learning_stage/materials) by extension 'ros'
[0.461s] Level 1:colcon.colcon_core.package_identification:_identify(models/imitation_learning_stage/materials) by extensions ['cmake', 'python']
[0.461s] Level 1:colcon.colcon_core.package_identification:_identify(models/imitation_learning_stage/materials) by extension 'cmake'
[0.461s] Level 1:colcon.colcon_core.package_identification:_identify(models/imitation_learning_stage/materials) by extension 'python'
[0.461s] Level 1:colcon.colcon_core.package_identification:_identify(models/imitation_learning_stage/materials) by extensions ['python_setup_py']
[0.461s] Level 1:colcon.colcon_core.package_identification:_identify(models/imitation_learning_stage/materials) by extension 'python_setup_py'
[0.461s] Level 1:colcon.colcon_core.package_identification:_identify(models/imitation_learning_stage/meshes) by extensions ['ignore', 'ignore_ament_install']
[0.461s] Level 1:colcon.colcon_core.package_identification:_identify(models/imitation_learning_stage/meshes) by extension 'ignore'
[0.461s] Level 1:colcon.colcon_core.package_identification:_identify(models/imitation_learning_stage/meshes) by extension 'ignore_ament_install'
[0.461s] Level 1:colcon.colcon_core.package_identification:_identify(models/imitation_learning_stage/meshes) by extensions ['colcon_pkg']
[0.461s] Level 1:colcon.colcon_core.package_identification:_identify(models/imitation_learning_stage/meshes) by extension 'colcon_pkg'
[0.461s] Level 1:colcon.colcon_core.package_identification:_identify(models/imitation_learning_stage/meshes) by extensions ['colcon_meta']
[0.461s] Level 1:colcon.colcon_core.package_identification:_identify(models/imitation_learning_stage/meshes) by extension 'colcon_meta'
[0.461s] Level 1:colcon.colcon_core.package_identification:_identify(models/imitation_learning_stage/meshes) by extensions ['ros']
[0.462s] Level 1:colcon.colcon_core.package_identification:_identify(models/imitation_learning_stage/meshes) by extension 'ros'
[0.462s] Level 1:colcon.colcon_core.package_identification:_identify(models/imitation_learning_stage/meshes) by extensions ['cmake', 'python']
[0.462s] Level 1:colcon.colcon_core.package_identification:_identify(models/imitation_learning_stage/meshes) by extension 'cmake'
[0.462s] Level 1:colcon.colcon_core.package_identification:_identify(models/imitation_learning_stage/meshes) by extension 'python'
[0.462s] Level 1:colcon.colcon_core.package_identification:_identify(models/imitation_learning_stage/meshes) by extensions ['python_setup_py']
[0.462s] Level 1:colcon.colcon_core.package_identification:_identify(models/imitation_learning_stage/meshes) by extension 'python_setup_py'
[0.462s] Level 1:colcon.colcon_core.package_identification:_identify(src) by extensions ['ignore', 'ignore_ament_install']
[0.462s] Level 1:colcon.colcon_core.package_identification:_identify(src) by extension 'ignore'
[0.462s] Level 1:colcon.colcon_core.package_identification:_identify(src) by extension 'ignore_ament_install'
[0.462s] Level 1:colcon.colcon_core.package_identification:_identify(src) by extensions ['colcon_pkg']
[0.462s] Level 1:colcon.colcon_core.package_identification:_identify(src) by extension 'colcon_pkg'
[0.462s] Level 1:colcon.colcon_core.package_identification:_identify(src) by extensions ['colcon_meta']
[0.462s] Level 1:colcon.colcon_core.package_identification:_identify(src) by extension 'colcon_meta'
[0.462s] Level 1:colcon.colcon_core.package_identification:_identify(src) by extensions ['ros']
[0.463s] Level 1:colcon.colcon_core.package_identification:_identify(src) by extension 'ros'
[0.463s] Level 1:colcon.colcon_core.package_identification:_identify(src) by extensions ['cmake', 'python']
[0.463s] Level 1:colcon.colcon_core.package_identification:_identify(src) by extension 'cmake'
[0.463s] Level 1:colcon.colcon_core.package_identification:_identify(src) by extension 'python'
[0.463s] Level 1:colcon.colcon_core.package_identification:_identify(src) by extensions ['python_setup_py']
[0.463s] Level 1:colcon.colcon_core.package_identification:_identify(src) by extension 'python_setup_py'
[0.463s] Level 1:colcon.colcon_core.package_identification:_identify(src/imitation_learning) by extensions ['ignore', 'ignore_ament_install']
[0.463s] Level 1:colcon.colcon_core.package_identification:_identify(src/imitation_learning) by extension 'ignore'
[0.463s] Level 1:colcon.colcon_core.package_identification:_identify(src/imitation_learning) by extension 'ignore_ament_install'
[0.463s] Level 1:colcon.colcon_core.package_identification:_identify(src/imitation_learning) by extensions ['colcon_pkg']
[0.463s] Level 1:colcon.colcon_core.package_identification:_identify(src/imitation_learning) by extension 'colcon_pkg'
[0.464s] Level 1:colcon.colcon_core.package_identification:_identify(src/imitation_learning) by extensions ['colcon_meta']
[0.464s] Level 1:colcon.colcon_core.package_identification:_identify(src/imitation_learning) by extension 'colcon_meta'
[0.464s] Level 1:colcon.colcon_core.package_identification:_identify(src/imitation_learning) by extensions ['ros']
[0.464s] Level 1:colcon.colcon_core.package_identification:_identify(src/imitation_learning) by extension 'ros'
[0.467s] DEBUG:colcon.colcon_core.package_identification:Package 'src/imitation_learning' with type 'ros.ament_cmake' and name 'imitation_learning'
[0.467s] Level 1:colcon.colcon_core.package_identification:_identify(src/robot_simulation) by extensions ['ignore', 'ignore_ament_install']
[0.467s] Level 1:colcon.colcon_core.package_identification:_identify(src/robot_simulation) by extension 'ignore'
[0.467s] Level 1:colcon.colcon_core.package_identification:_identify(src/robot_simulation) by extension 'ignore_ament_install'
[0.467s] Level 1:colcon.colcon_core.package_identification:_identify(src/robot_simulation) by extensions ['colcon_pkg']
[0.467s] Level 1:colcon.colcon_core.package_identification:_identify(src/robot_simulation) by extension 'colcon_pkg'
[0.467s] Level 1:colcon.colcon_core.package_identification:_identify(src/robot_simulation) by extensions ['colcon_meta']
[0.467s] Level 1:colcon.colcon_core.package_identification:_identify(src/robot_simulation) by extension 'colcon_meta'
[0.468s] Level 1:colcon.colcon_core.package_identification:_identify(src/robot_simulation) by extensions ['ros']
[0.468s] Level 1:colcon.colcon_core.package_identification:_identify(src/robot_simulation) by extension 'ros'
[0.468s] Level 1:colcon.colcon_core.package_identification:_identify(src/robot_simulation) by extensions ['cmake', 'python']
[0.468s] Level 1:colcon.colcon_core.package_identification:_identify(src/robot_simulation) by extension 'cmake'
[0.468s] Level 1:colcon.colcon_core.package_identification:_identify(src/robot_simulation) by extension 'python'
[0.468s] Level 1:colcon.colcon_core.package_identification:_identify(src/robot_simulation) by extensions ['python_setup_py']
[0.468s] Level 1:colcon.colcon_core.package_identification:_identify(src/robot_simulation) by extension 'python_setup_py'
[0.468s] Level 1:colcon.colcon_core.package_identification:_identify(src/robot_simulation/robot_description) by extensions ['ignore', 'ignore_ament_install']
[0.468s] Level 1:colcon.colcon_core.package_identification:_identify(src/robot_simulation/robot_description) by extension 'ignore'
[0.468s] Level 1:colcon.colcon_core.package_identification:_identify(src/robot_simulation/robot_description) by extension 'ignore_ament_install'
[0.468s] Level 1:colcon.colcon_core.package_identification:_identify(src/robot_simulation/robot_description) by extensions ['colcon_pkg']
[0.468s] Level 1:colcon.colcon_core.package_identification:_identify(src/robot_simulation/robot_description) by extension 'colcon_pkg'
[0.468s] Level 1:colcon.colcon_core.package_identification:_identify(src/robot_simulation/robot_description) by extensions ['colcon_meta']
[0.468s] Level 1:colcon.colcon_core.package_identification:_identify(src/robot_simulation/robot_description) by extension 'colcon_meta'
[0.468s] Level 1:colcon.colcon_core.package_identification:_identify(src/robot_simulation/robot_description) by extensions ['ros']
[0.469s] Level 1:colcon.colcon_core.package_identification:_identify(src/robot_simulation/robot_description) by extension 'ros'
[0.469s] DEBUG:colcon.colcon_core.package_identification:Package 'src/robot_simulation/robot_description' with type 'ros.ament_cmake' and name 'robot_description'
[0.469s] Level 1:colcon.colcon_core.package_identification:_identify(src/robot_simulation/robot_gazebo) by extensions ['ignore', 'ignore_ament_install']
[0.469s] Level 1:colcon.colcon_core.package_identification:_identify(src/robot_simulation/robot_gazebo) by extension 'ignore'
[0.470s] Level 1:colcon.colcon_core.package_identification:_identify(src/robot_simulation/robot_gazebo) by extension 'ignore_ament_install'
[0.470s] Level 1:colcon.colcon_core.package_identification:_identify(src/robot_simulation/robot_gazebo) by extensions ['colcon_pkg']
[0.470s] Level 1:colcon.colcon_core.package_identification:_identify(src/robot_simulation/robot_gazebo) by extension 'colcon_pkg'
[0.470s] Level 1:colcon.colcon_core.package_identification:_identify(src/robot_simulation/robot_gazebo) by extensions ['colcon_meta']
[0.470s] Level 1:colcon.colcon_core.package_identification:_identify(src/robot_simulation/robot_gazebo) by extension 'colcon_meta'
[0.470s] Level 1:colcon.colcon_core.package_identification:_identify(src/robot_simulation/robot_gazebo) by extensions ['ros']
[0.470s] Level 1:colcon.colcon_core.package_identification:_identify(src/robot_simulation/robot_gazebo) by extension 'ros'
[0.471s] DEBUG:colcon.colcon_core.package_identification:Package 'src/robot_simulation/robot_gazebo' with type 'ros.ament_cmake' and name 'robot_gazebo'
[0.471s] Level 1:colcon.colcon_core.package_discovery:discover_packages(recursive) using defaults
[0.471s] Level 1:colcon.colcon_core.package_discovery:discover_packages(ignore) discover
[0.471s] Level 1:colcon.colcon_core.package_discovery:discover_packages(ignore) using defaults
[0.471s] Level 1:colcon.colcon_core.package_discovery:discover_packages(path) discover
[0.471s] Level 1:colcon.colcon_core.package_discovery:discover_packages(path) using defaults
[0.496s] Level 1:colcon.colcon_core.package_discovery:discover_packages(prefix_path) check parameters
[0.496s] Level 1:colcon.colcon_core.package_discovery:discover_packages(prefix_path) discover
[0.498s] Level 1:colcon.colcon_core.package_discovery:discover_packages(prefix_path) using defaults
[0.499s] Level 5:colcon.colcon_core.verb:set package 'imitation_learning' build argument 'cmake_args' from command line to 'None'
[0.499s] Level 5:colcon.colcon_core.verb:set package 'imitation_learning' build argument 'cmake_target' from command line to 'None'
[0.499s] Level 5:colcon.colcon_core.verb:set package 'imitation_learning' build argument 'cmake_target_skip_unavailable' from command line to 'False'
[0.499s] Level 5:colcon.colcon_core.verb:set package 'imitation_learning' build argument 'cmake_clean_cache' from command line to 'False'
[0.499s] Level 5:colcon.colcon_core.verb:set package 'imitation_learning' build argument 'cmake_clean_first' from command line to 'False'
[0.499s] Level 5:colcon.colcon_core.verb:set package 'imitation_learning' build argument 'cmake_force_configure' from command line to 'False'
[0.499s] Level 5:colcon.colcon_core.verb:set package 'imitation_learning' build argument 'ament_cmake_args' from command line to 'None'
[0.499s] Level 5:colcon.colcon_core.verb:set package 'imitation_learning' build argument 'catkin_cmake_args' from command line to 'None'
[0.499s] Level 5:colcon.colcon_core.verb:set package 'imitation_learning' build argument 'catkin_skip_building_tests' from command line to 'False'
[0.499s] DEBUG:colcon.colcon_core.verb:Building package 'imitation_learning' with the following arguments: {'ament_cmake_args': None, 'build_base': '/home/eng/Music/imitation_learning_ros/build/imitation_learning', 'catkin_cmake_args': None, 'catkin_skip_building_tests': False, 'cmake_args': None, 'cmake_clean_cache': False, 'cmake_clean_first': False, 'cmake_force_configure': False, 'cmake_target': None, 'cmake_target_skip_unavailable': False, 'install_base': '/home/eng/Music/imitation_learning_ros/install/imitation_learning', 'merge_install': False, 'path': '/home/eng/Music/imitation_learning_ros/src/imitation_learning', 'symlink_install': False, 'test_result_base': None}
[0.500s] Level 5:colcon.colcon_core.verb:set package 'robot_description' build argument 'cmake_args' from command line to 'None'
[0.500s] Level 5:colcon.colcon_core.verb:set package 'robot_description' build argument 'cmake_target' from command line to 'None'
[0.500s] Level 5:colcon.colcon_core.verb:set package 'robot_description' build argument 'cmake_target_skip_unavailable' from command line to 'False'
[0.500s] Level 5:colcon.colcon_core.verb:set package 'robot_description' build argument 'cmake_clean_cache' from command line to 'False'
[0.500s] Level 5:colcon.colcon_core.verb:set package 'robot_description' build argument 'cmake_clean_first' from command line to 'False'
[0.500s] Level 5:colcon.colcon_core.verb:set package 'robot_description' build argument 'cmake_force_configure' from command line to 'False'
[0.500s] Level 5:colcon.colcon_core.verb:set package 'robot_description' build argument 'ament_cmake_args' from command line to 'None'
[0.500s] Level 5:colcon.colcon_core.verb:set package 'robot_description' build argument 'catkin_cmake_args' from command line to 'None'
[0.500s] Level 5:colcon.colcon_core.verb:set package 'robot_description' build argument 'catkin_skip_building_tests' from command line to 'False'
[0.500s] DEBUG:colcon.colcon_core.verb:Building package 'robot_description' with the following arguments: {'ament_cmake_args': None, 'build_base': '/home/eng/Music/imitation_learning_ros/build/robot_description', 'catkin_cmake_args': None, 'catkin_skip_building_tests': False, 'cmake_args': None, 'cmake_clean_cache': False, 'cmake_clean_first': False, 'cmake_force_configure': False, 'cmake_target': None, 'cmake_target_skip_unavailable': False, 'install_base': '/home/eng/Music/imitation_learning_ros/install/robot_description', 'merge_install': False, 'path': '/home/eng/Music/imitation_learning_ros/src/robot_simulation/robot_description', 'symlink_install': False, 'test_result_base': None}
[0.500s] Level 5:colcon.colcon_core.verb:set package 'robot_gazebo' build argument 'cmake_args' from command line to 'None'
[0.500s] Level 5:colcon.colcon_core.verb:set package 'robot_gazebo' build argument 'cmake_target' from command line to 'None'
[0.500s] Level 5:colcon.colcon_core.verb:set package 'robot_gazebo' build argument 'cmake_target_skip_unavailable' from command line to 'False'
[0.500s] Level 5:colcon.colcon_core.verb:set package 'robot_gazebo' build argument 'cmake_clean_cache' from command line to 'False'
[0.500s] Level 5:colcon.colcon_core.verb:set package 'robot_gazebo' build argument 'cmake_clean_first' from command line to 'False'
[0.500s] Level 5:colcon.colcon_core.verb:set package 'robot_gazebo' build argument 'cmake_force_configure' from command line to 'False'
[0.500s] Level 5:colcon.colcon_core.verb:set package 'robot_gazebo' build argument 'ament_cmake_args' from command line to 'None'
[0.500s] Level 5:colcon.colcon_core.verb:set package 'robot_gazebo' build argument 'catkin_cmake_args' from command line to 'None'
[0.501s] Level 5:colcon.colcon_core.verb:set package 'robot_gazebo' build argument 'catkin_skip_building_tests' from command line to 'False'
[0.501s] DEBUG:colcon.colcon_core.verb:Building package 'robot_gazebo' with the following arguments: {'ament_cmake_args': None, 'build_base': '/home/eng/Music/imitation_learning_ros/build/robot_gazebo', 'catkin_cmake_args': None, 'catkin_skip_building_tests': False, 'cmake_args': None, 'cmake_clean_cache': False, 'cmake_clean_first': False, 'cmake_force_configure': False, 'cmake_target': None, 'cmake_target_skip_unavailable': False, 'install_base': '/home/eng/Music/imitation_learning_ros/install/robot_gazebo', 'merge_install': False, 'path': '/home/eng/Music/imitation_learning_ros/src/robot_simulation/robot_gazebo', 'symlink_install': False, 'test_result_base': None}
[0.501s] INFO:colcon.colcon_core.executor:Executing jobs using 'parallel' executor
[0.501s] DEBUG:colcon.colcon_parallel_executor.executor.parallel:run_until_complete
[0.502s] INFO:colcon.colcon_ros.task.ament_cmake.build:Building ROS package in '/home/eng/Music/imitation_learning_ros/src/imitation_learning' with build type 'ament_cmake'
[0.502s] INFO:colcon.colcon_cmake.task.cmake.build:Building CMake package in '/home/eng/Music/imitation_learning_ros/src/imitation_learning'
[0.504s] INFO:colcon.colcon_core.plugin_system:Skipping extension 'colcon_core.shell.bat': Not used on non-Windows systems
[0.505s] INFO:colcon.colcon_core.shell:Skip shell extension 'powershell' for command environment: Not usable outside of PowerShell
[0.505s] DEBUG:colcon.colcon_core.shell:Skip shell extension 'dsv' for command environment
[0.505s] DEBUG:colcon.colcon_core.shell:Ignoring prefix path '/home/eng/catvehicle_ws/devel'
[0.505s] DEBUG:colcon.colcon_core.shell:Ignoring prefix path '/opt/ros/noetic'
[0.507s] INFO:colcon.colcon_ros.task.ament_cmake.build:Building ROS package in '/home/eng/Music/imitation_learning_ros/src/robot_simulation/robot_description' with build type 'ament_cmake'
[0.507s] INFO:colcon.colcon_cmake.task.cmake.build:Building CMake package in '/home/eng/Music/imitation_learning_ros/src/robot_simulation/robot_description'
[0.507s] INFO:colcon.colcon_core.shell:Skip shell extension 'powershell' for command environment: Not usable outside of PowerShell
[0.508s] DEBUG:colcon.colcon_core.shell:Skip shell extension 'dsv' for command environment
[0.508s] DEBUG:colcon.colcon_core.shell:Ignoring prefix path '/home/eng/catvehicle_ws/devel'
[0.508s] DEBUG:colcon.colcon_core.shell:Ignoring prefix path '/opt/ros/noetic'
[0.510s] INFO:colcon.colcon_ros.task.ament_cmake.build:Building ROS package in '/home/eng/Music/imitation_learning_ros/src/robot_simulation/robot_gazebo' with build type 'ament_cmake'
[0.510s] INFO:colcon.colcon_cmake.task.cmake.build:Building CMake package in '/home/eng/Music/imitation_learning_ros/src/robot_simulation/robot_gazebo'
[0.511s] INFO:colcon.colcon_core.shell:Skip shell extension 'powershell' for command environment: Not usable outside of PowerShell
[0.511s] DEBUG:colcon.colcon_core.shell:Skip shell extension 'dsv' for command environment
[0.511s] DEBUG:colcon.colcon_core.shell:Ignoring prefix path '/home/eng/catvehicle_ws/devel'
[0.511s] DEBUG:colcon.colcon_core.shell:Ignoring prefix path '/opt/ros/noetic'
[0.517s] DEBUG:colcon.colcon_core.event_handler.log_command:Invoking command in '/home/eng/Music/imitation_learning_ros/build/imitation_learning': /usr/local/bin/cmake /home/eng/Music/imitation_learning_ros/src/imitation_learning -DCMAKE_INSTALL_PREFIX=/home/eng/Music/imitation_learning_ros/install/imitation_learning
[0.523s] DEBUG:colcon.colcon_core.event_handler.log_command:Invoking command in '/home/eng/Music/imitation_learning_ros/build/robot_description': /usr/local/bin/cmake /home/eng/Music/imitation_learning_ros/src/robot_simulation/robot_description -DCMAKE_INSTALL_PREFIX=/home/eng/Music/imitation_learning_ros/install/robot_description
[0.526s] DEBUG:colcon.colcon_core.event_handler.log_command:Invoking command in '/home/eng/Music/imitation_learning_ros/build/robot_gazebo': /usr/local/bin/cmake /home/eng/Music/imitation_learning_ros/src/robot_simulation/robot_gazebo -DCMAKE_INSTALL_PREFIX=/home/eng/Music/imitation_learning_ros/install/robot_gazebo
[0.858s] DEBUG:colcon.colcon_core.event_handler.log_command:Invoked command in '/home/eng/Music/imitation_learning_ros/build/imitation_learning' returned '1': /usr/local/bin/cmake /home/eng/Music/imitation_learning_ros/src/imitation_learning -DCMAKE_INSTALL_PREFIX=/home/eng/Music/imitation_learning_ros/install/imitation_learning
[0.859s] DEBUG:colcon.colcon_core.event_handler.log_command:Invoked command in '/home/eng/Music/imitation_learning_ros/build/robot_gazebo' returned '1': /usr/local/bin/cmake /home/eng/Music/imitation_learning_ros/src/robot_simulation/robot_gazebo -DCMAKE_INSTALL_PREFIX=/home/eng/Music/imitation_learning_ros/install/robot_gazebo
[0.861s] Level 1:colcon.colcon_core.environment:create_environment_scripts_only(imitation_learning)
[0.867s] Level 1:colcon.colcon_core.environment:checking '/home/eng/Music/imitation_learning_ros/install/imitation_learning' for CMake module files
[0.867s] Level 1:colcon.colcon_core.environment:checking '/home/eng/Music/imitation_learning_ros/install/imitation_learning' for CMake config files
[0.867s] Level 1:colcon.colcon_core.environment:checking '/home/eng/Music/imitation_learning_ros/install/imitation_learning/bin'
[0.867s] Level 1:colcon.colcon_core.environment:checking '/home/eng/Music/imitation_learning_ros/install/imitation_learning/lib/pkgconfig/imitation_learning.pc'
[0.868s] Level 1:colcon.colcon_core.environment:checking '/home/eng/Music/imitation_learning_ros/install/imitation_learning/lib/python3.8/site-packages'
[0.868s] Level 1:colcon.colcon_core.environment:checking '/home/eng/Music/imitation_learning_ros/install/imitation_learning/bin'
[0.869s] INFO:colcon.colcon_core.shell:Creating package script '/home/eng/Music/imitation_learning_ros/install/imitation_learning/share/imitation_learning/package.ps1'
[0.869s] INFO:colcon.colcon_core.shell:Creating package descriptor '/home/eng/Music/imitation_learning_ros/install/imitation_learning/share/imitation_learning/package.dsv'
[0.870s] INFO:colcon.colcon_core.shell:Creating package script '/home/eng/Music/imitation_learning_ros/install/imitation_learning/share/imitation_learning/package.sh'
[0.870s] INFO:colcon.colcon_core.shell:Creating package script '/home/eng/Music/imitation_learning_ros/install/imitation_learning/share/imitation_learning/package.bash'
[0.871s] INFO:colcon.colcon_core.shell:Creating package script '/home/eng/Music/imitation_learning_ros/install/imitation_learning/share/imitation_learning/package.zsh'
[0.872s] Level 1:colcon.colcon_core.environment:create_file_with_runtime_dependencies(/home/eng/Music/imitation_learning_ros/install/imitation_learning/share/colcon-core/packages/imitation_learning)
[0.883s] DEBUG:colcon.colcon_parallel_executor.executor.parallel:closing loop
[0.883s] DEBUG:colcon.colcon_parallel_executor.executor.parallel:loop closed
[0.883s] DEBUG:colcon.colcon_parallel_executor.executor.parallel:run_until_complete finished with '1'
[0.884s] DEBUG:colcon.colcon_core.event_reactor:joining thread
[0.888s] INFO:colcon.colcon_core.plugin_system:Skipping extension 'colcon_notification.desktop_notification.terminal_notifier': Not used on non-Darwin systems
[0.888s] INFO:colcon.colcon_core.plugin_system:Skipping extension 'colcon_notification.desktop_notification.win32': Not used on non-Windows systems
[0.888s] INFO:colcon.colcon_notification.desktop_notification:Sending desktop notification using 'notify2'
[0.901s] DEBUG:colcon.colcon_core.event_reactor:joined thread
[0.901s] INFO:colcon.colcon_core.shell:Creating prefix script '/home/eng/Music/imitation_learning_ros/install/local_setup.ps1'
[0.903s] INFO:colcon.colcon_core.shell:Creating prefix util module '/home/eng/Music/imitation_learning_ros/install/_local_setup_util_ps1.py'
[0.904s] INFO:colcon.colcon_core.shell:Creating prefix chain script '/home/eng/Music/imitation_learning_ros/install/setup.ps1'
[0.905s] INFO:colcon.colcon_core.shell:Creating prefix script '/home/eng/Music/imitation_learning_ros/install/local_setup.sh'
[0.906s] INFO:colcon.colcon_core.shell:Creating prefix util module '/home/eng/Music/imitation_learning_ros/install/_local_setup_util_sh.py'
[0.906s] INFO:colcon.colcon_core.shell:Creating prefix chain script '/home/eng/Music/imitation_learning_ros/install/setup.sh'
[0.907s] INFO:colcon.colcon_core.shell:Creating prefix script '/home/eng/Music/imitation_learning_ros/install/local_setup.bash'
[0.907s] INFO:colcon.colcon_core.shell:Creating prefix chain script '/home/eng/Music/imitation_learning_ros/install/setup.bash'
[0.908s] INFO:colcon.colcon_core.shell:Creating prefix script '/home/eng/Music/imitation_learning_ros/install/local_setup.zsh'
[0.909s] INFO:colcon.colcon_core.shell:Creating prefix chain script '/home/eng/Music/imitation_learning_ros/install/setup.zsh'
