[0.015s] Invoking command in '/home/eng/Music/imitation_learning_ros/build/robot_description': /usr/local/bin/cmake /home/eng/Music/imitation_learning_ros/src/robot_simulation/robot_description -DCMAKE_INSTALL_PREFIX=/home/eng/Music/imitation_learning_ros/install/robot_description
[0.102s] -- The C compiler identification is GNU 9.4.0
[0.183s] -- The CXX compiler identification is GNU 9.4.0
[0.194s] -- Detecting C compiler ABI info
[0.240s] -- Detecting C compiler ABI info - done
[0.257s] -- Check for working C compiler: /usr/bin/cc - skipped
[0.257s] -- Detecting C compile features
[0.258s] -- Detecting C compile features - done
[0.264s] -- Detecting CXX compiler ABI info
[0.315s] -- Detecting CXX compiler ABI info - done
[0.342s] -- Check for working CXX compiler: /usr/bin/c++ - skipped
[0.342s] -- Detecting CXX compile features
[0.343s] -- Detecting CXX compile features - done
[0.355s] [31mCMake Error at CMakeLists.txt:19 (find_package):
[0.355s]   By not providing "Findament_cmake.cmake" in CMAKE_MODULE_PATH this project
[0.355s]   has asked CMake to find a package configuration file provided by
[0.355s]   "ament_cmake", but CMake did not find one.
[0.356s] 
[0.356s]   Could not find a package configuration file provided by "ament_cmake" with
[0.356s]   any of the following names:
[0.356s] 
[0.356s]     ament_cmakeConfig.cmake
[0.356s]     ament_cmake-config.cmake
[0.356s] 
[0.356s]   Add the installation prefix of "ament_cmake" to CMAKE_PREFIX_PATH or set
[0.356s]   "ament_cmake_DIR" to a directory containing one of the above files.  If
[0.356s]   "ament_cmake" provides a separate development package or SDK, be sure it
[0.356s]   has been installed.
[0.356s] 
[0.357s] [0m
[0.357s] -- Configuring incomplete, errors occurred!
