[0.016s] Invoking command in '/home/eng/Music/imitation_learning_ros/build/robot_gazebo': /usr/local/bin/cmake /home/eng/Music/imitation_learning_ros/src/robot_simulation/robot_gazebo -DCMAKE_INSTALL_PREFIX=/home/eng/Music/imitation_learning_ros/install/robot_gazebo
[0.099s] -- The C compiler identification is GNU 9.4.0
[0.179s] -- The CXX compiler identification is GNU 9.4.0
[0.191s] -- Detecting C compiler ABI info
[0.239s] -- Detecting C compiler ABI info - done
[0.258s] -- Check for working C compiler: /usr/bin/cc - skipped
[0.258s] -- Detecting C compile features
[0.259s] -- Detecting C compile features - done
[0.263s] -- Detecting CXX compiler ABI info
[0.311s] -- Detecting CXX compiler ABI info - done
[0.331s] -- Check for working CXX compiler: /usr/bin/c++ - skipped
[0.331s] -- Detecting CXX compile features
[0.332s] -- Detecting CXX compile features - done
[0.343s] [31mCMake Error at CMakeLists.txt:19 (find_package):
[0.343s]   By not providing "Findament_cmake.cmake" in CMAKE_MODULE_PATH this project
[0.343s]   has asked CMake to find a package configuration file provided by
[0.343s]   "ament_cmake", but CMake did not find one.
[0.343s] 
[0.343s]   Could not find a package configuration file provided by "ament_cmake" with
[0.343s]   any of the following names:
[0.343s] 
[0.344s]     ament_cmakeConfig.cmake
[0.344s]     ament_cmake-config.cmake
[0.344s] 
[0.345s]   Add the installation prefix of "ament_cmake" to CMAKE_PREFIX_PATH or set
[0.345s]   "ament_cmake_DIR" to a directory containing one of the above files.  If
[0.345s]   "ament_cmake" provides a separate development package or SDK, be sure it
[0.346s]   has been installed.
[0.347s] 
[0.347s] [0m
[0.347s] -- Configuring incomplete, errors occurred!
[0.348s] Invoked command in '/home/eng/Music/imitation_learning_ros/build/robot_gazebo' returned '1': /usr/local/bin/cmake /home/eng/Music/imitation_learning_ros/src/robot_simulation/robot_gazebo -DCMAKE_INSTALL_PREFIX=/home/eng/Music/imitation_learning_ros/install/robot_gazebo
