[0.014s] Invoking command in '/home/eng/Music/imitation_learning_ros/build/imitation_learning': /usr/local/bin/cmake /home/eng/Music/imitation_learning_ros/src/imitation_learning -DCMAKE_INSTALL_PREFIX=/home/eng/Music/imitation_learning_ros/install/imitation_learning
[0.108s] -- The C compiler identification is GNU 9.4.0
[0.188s] -- The CXX compiler identification is GNU 9.4.0
[0.199s] -- Detecting C compiler ABI info
[0.245s] -- Detecting C compiler ABI info - done
[0.262s] -- Check for working C compiler: /usr/bin/cc - skipped
[0.263s] -- Detecting C compile features
[0.263s] -- Detecting C compile features - done
[0.270s] -- Detecting CXX compiler ABI info
[0.320s] -- Detecting CXX compiler ABI info - done
[0.336s] -- Check for working CXX compiler: /usr/bin/c++ - skipped
[0.336s] -- Detecting CXX compile features
[0.337s] -- Detecting CXX compile features - done
[0.349s] [31mCMake Error at CMakeLists.txt:19 (find_package):
[0.349s]   By not providing "Findament_cmake.cmake" in CMAKE_MODULE_PATH this project
[0.349s]   has asked CMake to find a package configuration file provided by
[0.349s]   "ament_cmake", but CMake did not find one.
[0.349s] 
[0.349s]   Could not find a package configuration file provided by "ament_cmake" with
[0.349s]   any of the following names:
[0.349s] 
[0.349s]     ament_cmakeConfig.cmake
[0.350s]     ament_cmake-config.cmake
[0.350s] 
[0.350s]   Add the installation prefix of "ament_cmake" to CMAKE_PREFIX_PATH or set
[0.350s]   "ament_cmake_DIR" to a directory containing one of the above files.  If
[0.350s]   "ament_cmake" provides a separate development package or SDK, be sure it
[0.350s]   has been installed.
[0.350s] 
[0.350s] [0m
[0.351s] -- Configuring incomplete, errors occurred!
[0.356s] Invoked command in '/home/eng/Music/imitation_learning_ros/build/imitation_learning' returned '1': /usr/local/bin/cmake /home/eng/Music/imitation_learning_ros/src/imitation_learning -DCMAKE_INSTALL_PREFIX=/home/eng/Music/imitation_learning_ros/install/imitation_learning
